 MavenTest git:(master) ✗ rrrun -classpath=/Users/omarjaved/MavenTest/target/MavenTest-0.0.1-SNAPSHOT-tests.jar -classpath=/Users/omarjaved/Downloads/junit-4.11.jar -tool=FT2 junit.textui.TestRunner test.java.com.omar.TestApp1
java version "1.8.0_152"
Java(TM) SE Runtime Environment (build 1.8.0_152-b16)
Java HotSpot(TM) 64-Bit Server VM (build 25.152-b16, mixed mode)

[premain: Installling RoadRunner Agent...]
[main: RoadRunner Agent Loaded.]
[main: Running in SLOW Mode]
[RR: Creating Fresh Meta Data]
[RR: Creating Tool Chain]
  [RR: Creating tool loader with path []]
  [RR: file:/Users/omarjaved/RoadRunner/classes/rr/simple/rrtools.properties]
    [RR: [C, T, FPTest, S, SFPTool, TL, P, N, LOG]]
  [RR: 0.00200 sec]
  [RR: file:/Users/omarjaved/RoadRunner/classes/tools/rrtools.properties]
    [RR: [HB, A, FT2, LS, RS, FT2L, PL, BE]]
  [RR: 0.00 sec]
  [RR: Extending States for tools/fasttrack/FastTrackTool]
  [RR: 0.00300 sec]
  [RR: Transforming rr/state/ShadowThread]
  [RR: Adding field E to rr/state/ShadowThread (tools/fasttrack/FastTrackTool)]
  [RR: Adding field V to rr/state/ShadowThread (tools/fasttrack/FastTrackTool)]
  [RR: Adding field badVarState to rr/state/ShadowThread (tools/fasttrack/FastTrackTool)]
  [RR: done]
  [RR: Transforming tools/fasttrack/FastTrackTool]
  [RR: done]
  [RR: Epoch will use 5 bits for tids]
  [RR: Turning off Instrumentation for all classes match .*Barrier.*: see -nobarrier]
  [RR:     complete chain: tools.fasttrack.FastTrackTool -> Last]
  [RR:        enter chain: [Last]]
  [RR:         exit chain: [Last]]
  [RR:      acquire chain: [tools.fasttrack.FastTrackTool, Last]]
  [RR:      release chain: [tools.fasttrack.FastTrackTool, Last]]
  [RR:       access chain: [tools.fasttrack.FastTrackTool, Last]]
  [RR: Read Fastpath code found in [tools.fasttrack.FastTrackTool, Last]]
  [RR: Write Fastpath code found in [tools.fasttrack.FastTrackTool, Last]]
  [RR: Array Read Fastpath code found in []]
  [RR: Array Write Fastpath code found in []]
  [RR: Field Read Fastpath code found in []]
  [RR: Field Write Fastpath code found in []]
  [RR: No Tools implement enter/exit hooks.]
[RR: 0.0790 sec]
[RR: OPTIONS:]
  [RR: (rr.state.agent.ThreadStateExtensionAgent) javaArgs             = junit.textui.TestRunner test.java.com.omar.TestApp1 ]
  [RR: (rr.state.agent.ThreadStateExtensionAgent) noDecInline          = false               ]
  [RR: (acme.util.Util)                   quiet                = false               ]
  [RR: (acme.util.Util)                   logDepth             = 100                 ]
  [RR: (acme.util.Util)                   logs                 = log                 ]
  [RR: (acme.util.Util)                   out                  =                     ]
  [RR: (acme.util.Util)                   err                  =                     ]
  [RR: (rr.RRMain)                        noinst               = false               ]
  [RR: (rr.RRMain)                        inst                 = INST                ]
  [RR: (rr.RRMain)                        infThreads           = 0                   ]
  [RR: (rr.RRMain)                        benchmark            = 0                   ]
  [RR: (rr.RRMain)                        warmup               = 3                   ]
  [RR: (rr.RRMain)                        availableProcessors  = 8                   ]
  [RR: (rr.RRMain)                        args                 = []                  ]
  [RR: (acme.util.Debug)                  d                    = []                  ]
  [RR: (acme.util.Yikes)                  maxYikes             = 5                   ]
  [RR: (rr.RRMain$5)                      help                 = false               ]
  [RR: (rr.tool.RR)                       toolpath             =                     ]
  [RR: (rr.tool.RR)                       classpath            = /Users/omarjaved/Downloads/junit-4.11.jar]
  [RR: (rr.tool.RR)                       tool                 = FT2                 ]
  [RR: (rr.tool.RR)                       tools                = false               ]
  [RR: (rr.tool.RR)                       noxml                = false               ]
  [RR: (rr.tool.RR)                       constantGC           = false               ]
  [RR: (rr.tool.RR)                       noFP                 = false               ]
  [RR: (rr.tool.RR)                       noShutdownHook       = false               ]
  [RR: (rr.tool.RR)                       noEnter              = true                ]
  [RR: (rr.tool.RR)                       xml                  = log.xml             ]
  [RR: (rr.tool.RR)                       pulse                =                     ]
  [RR: (rr.tool.RR)                       maxTime              = 0                   ]
  [RR: (rr.tool.RR)                       maxMem               = 10240               ]
  [RR: (rr.tool.RR)                       maxTid               = 16                  ]
  [RR: (rr.tool.RR)                       stacks               = false               ]
  [RR: (rr.tool.RR)                       values               = false               ]
  [RR: (rr.tool.RR)                       noTidGC              = false               ]
  [RR: (rr.tool.RR)                       noEventReuse         = false               ]
  [RR: (rr.tool.RR)                       trackMemoryUsage     = false               ]
  [RR: (rr.loader.LoaderContext)          repository           =                     ]
  [RR: (rr.meta.MetaDataInfoMaps)         meta                 = null                ]
  [RR: (rr.meta.InstrumentationFilter)    methods              = ["-.*Barrier.await\(\)V", "-java.util.concurrent.CyclicBarrier.await\(JLjava/util/concurrent/TimeUnit;\)I", "-java.util.concurrent.CyclicBarrier.await\(\)I", "-.*Barrier.DoBarrier\(I\)V", "-.*TournamentBarrier.DoBarrier\(I\)V", default=ACCEPT]]
  [RR: (rr.meta.InstrumentationFilter)    fields               = ["-.*this\$.*", "-$.*__\$rr.*", default=ACCEPT]]
  [RR: (rr.meta.InstrumentationFilter)    lines                = [default=ACCEPT]    ]
  [RR: (rr.meta.InstrumentationFilter)    classes              = ["-.*Barrier.*", "-java..*", "-javax..*", "-com.sun..*", "-sun..*", "-rr..*", "-tools..*", "-acme..*", "-.*__\$rr_.*", "-org.xml..*", default=ACCEPT]]
  [RR: (rr.meta.InstrumentationFilter)    shadowThread         = ["-.*", default=ACCEPT]]
  [RR: (rr.meta.InstrumentationFilter)    noop                 = [default=ACCEPT]    ]
  [RR: (rr.instrument.classes.ThreadDataThunkInserter) noConstructor        = false               ]
  [RR: (rr.instrument.classes.CloneFixer) noClone              = false               ]
  [RR: (rr.instrument.Instrumentor)       dump                 =                     ]
  [RR: (rr.instrument.Instrumentor)       field                = FINE                ]
  [RR: (rr.instrument.Instrumentor)       fancy                = false               ]
  [RR: (rr.instrument.Instrumentor)       verify               = false               ]
  [RR: (rr.instrument.Instrumentor)       trackReflection      = false               ]
  [RR: (rr.instrument.Instrumentor)       arraySites           = false               ]
  [RR: (rr.instrument.Instrumentor)       Use TestAcquires     = false               ]
  [RR: (rr.loader.InstrumentingDefineClassLoader) sanity               = false               ]
  [RR: (rr.tool.RREventGenerator)         reentrantEvents      = false               ]
  [RR: (rr.tool.RREventGenerator)         nojoin               = false               ]
  [RR: (rr.tool.RREventGenerator)         multiLoader          = false               ]
  [RR: (rr.tool.RREventGenerator)         indices              = 2147483647          ]
  [RR: (rr.state.update.Updaters)         updaters             = SAFE                ]
  [RR: (rr.state.ArrayStateFactory)       array                = FINE                ]
  [RR: (rr.state.ArrayStateFactory$1)     userArray            = rr.state.ArrayStateCreator$1@4d7e1886]
  [RR: (rr.barrier.BarrierMonitor)        nobarrier            = false               ]
  [RR: (rr.state.AbstractArrayStateCache) arrayCacheType       = STRONG              ]
  [RR: (rr.instrument.methods.ThreadDataInstructionAdapter) callSites            = false               ]
  [RR: (rr.error.ErrorMessage)            maxWarn              = 100                 ]
[RR: 0.00700 sec]
[RR: Adding Attic Listener to GC PS MarkSweep]
[RR: Installing DefineClassListener rr.loader.InstrumentingDefineClassLoader@3cd1a2f1]
[RR: System Class Path = [file:/Users/omarjaved/Downloads/junit-4.11.jar]]
[RR: Tool Init()]
[RR: Running target]
[main: ----- ----- ----- -----       Meep Meep.      ----- ----- ----- -----]
[main: ]
[main: Instrumenting junit/textui/TestRunner (Loader=@01:class rr.RRMain$RRMainLoader)]
  [main: Replace java/lang/System.exit(I)V]
  [main: Replace java/lang/System.exit(I)V]
  [main: Replace java/lang/System.exit(I)V]
  [main: Replace java/lang/System.exit(I)V]
[main: Instrumenting junit/runner/BaseTestRunner (Loader=@01:class rr.RRMain$RRMainLoader)]
  [main: Fixing Potential Orphan junit/runner/BaseTestRunner.__$rr_testStarted__$rr__Original_(Ljava/lang/String;)V]
  [main: Fixing Potential Orphan junit/runner/BaseTestRunner.testStarted(Ljava/lang/String;)V]
  [main: Fixing Potential Orphan junit/runner/BaseTestRunner.__$rr_testEnded__$rr__Original_(Ljava/lang/String;)V]
  [main: Fixing Potential Orphan junit/runner/BaseTestRunner.testEnded(Ljava/lang/String;)V]
  [main: Fixing Potential Orphan junit/runner/BaseTestRunner.__$rr_testFailed__$rr__Original_(ILjunit/framework/Test;Ljava/lang/Throwable;)V]
  [main: Fixing Potential Orphan junit/runner/BaseTestRunner.testFailed(ILjunit/framework/Test;Ljava/lang/Throwable;)V]
  [main: Fixing Potential Orphan junit/runner/BaseTestRunner.__$rr_runFailed__$rr__Original_(Ljava/lang/String;)V]
  [main: Fixing Potential Orphan junit/runner/BaseTestRunner.runFailed(Ljava/lang/String;)V]
[main: Instrumenting junit/framework/TestListener (Loader=@01:class rr.RRMain$RRMainLoader)]
[main: Instrumenting junit/framework/Test (Loader=@01:class rr.RRMain$RRMainLoader)]
[main: Instrumenting junit/framework/AssertionFailedError (Loader=@01:class rr.RRMain$RRMainLoader)]
[main: Instrumenting junit/framework/TestResult (Loader=@01:class rr.RRMain$RRMainLoader)]
[main: Instrumenting junit/textui/ResultPrinter (Loader=@01:class rr.RRMain$RRMainLoader)]
RRMain ======>>test.java.com.omar.TestApp1
[main: New Thread main with tid=0.]
[main: Initial E for 0: (0:2)]
Class not found "test.java.com.omar.TestApp1"
[main: Tool Fini()]
[main: Exiting: 1]
[RR Shutdown: Total Time: 350]
<entry>
  <date> Sat Jan 06 17:58:52 CET 2018 </date> 
  <mode> SLOW </mode> 
  <timeout> NO </timeout> 
  <options>
    <option><name> javaArgs </name>           <value> junit.textui.TestRunner test.java.com.omar.TestApp1  </value> </option>
    <option><name> noDecInline </name>        <value> false </value> </option>
    <option><name> quiet </name>              <value> false </value> </option>
    <option><name> logDepth </name>           <value> 100 </value> </option>
    <option><name> logs </name>               <value> log </value> </option>
    <option><name> out </name>                <value>  </value>   </option>
    <option><name> err </name>                <value>  </value>   </option>
    <option><name> noinst </name>             <value> false </value> </option>
    <option><name> inst </name>               <value> INST </value> </option>
    <option><name> infThreads </name>         <value> 0 </value>  </option>
    <option><name> benchmark </name>          <value> 0 </value>  </option>
    <option><name> warmup </name>             <value> 3 </value>  </option>
    <option><name> availableProcessors </name> <value> 8 </value>  </option>
    <option><name> args </name>               <value> [] </value> </option>
    <option><name> d </name>                  <value> [] </value> </option>
    <option><name> maxYikes </name>           <value> 5 </value>  </option>
    <option><name> help </name>               <value> false </value> </option>
    <option><name> toolpath </name>           <value>  </value>   </option>
    <option><name> classpath </name>          <value> /Users/omarjaved/Downloads/junit-4.11.jar </value> </option>
    <option><name> tool </name>               <value> FT2 </value> </option>
    <option><name> tools </name>              <value> false </value> </option>
    <option><name> noxml </name>              <value> false </value> </option>
    <option><name> constantGC </name>         <value> false </value> </option>
    <option><name> noFP </name>               <value> false </value> </option>
    <option><name> noShutdownHook </name>     <value> false </value> </option>
    <option><name> noEnter </name>            <value> true </value> </option>
    <option><name> xml </name>                <value> log.xml </value> </option>
    <option><name> pulse </name>              <value>  </value>   </option>
    <option><name> maxTime </name>            <value> 0 </value>  </option>
    <option><name> maxMem </name>             <value> 10240 </value> </option>
    <option><name> maxTid </name>             <value> 16 </value> </option>
    <option><name> stacks </name>             <value> false </value> </option>
    <option><name> values </name>             <value> false </value> </option>
    <option><name> noTidGC </name>            <value> false </value> </option>
    <option><name> noEventReuse </name>       <value> false </value> </option>
    <option><name> trackMemoryUsage </name>   <value> false </value> </option>
    <option><name> repository </name>         <value>  </value>   </option>
    <option><name> meta </name>               <value> null </value> </option>
    <option><name> methods </name>            <value> ["-.*Barrier.await\(\)V", "-java.util.concurrent.CyclicBarrier.await\(JLjava/util/concurrent/TimeUnit;\)I", "-java.util.concurrent.CyclicBarrier.await\(\)I", "-.*Barrier.DoBarrier\(I\)V", "-.*TournamentBarrier.DoBarrier\(I\)V", default=ACCEPT] </value> </option>
    <option><name> fields </name>             <value> ["-.*this\$.*", "-$.*__\$rr.*", default=ACCEPT] </value> </option>
    <option><name> lines </name>              <value> [default=ACCEPT] </value> </option>
    <option><name> classes </name>            <value> ["-.*Barrier.*", "-java..*", "-javax..*", "-com.sun..*", "-sun..*", "-rr..*", "-tools..*", "-acme..*", "-.*__\$rr_.*", "-org.xml..*", default=ACCEPT] </value> </option>
    <option><name> shadowThread </name>       <value> ["-.*", default=ACCEPT] </value> </option>
    <option><name> noop </name>               <value> [default=ACCEPT] </value> </option>
    <option><name> noConstructor </name>      <value> false </value> </option>
    <option><name> noClone </name>            <value> false </value> </option>
    <option><name> dump </name>               <value>  </value>   </option>
    <option><name> field </name>              <value> FINE </value> </option>
    <option><name> fancy </name>              <value> false </value> </option>
    <option><name> verify </name>             <value> false </value> </option>
    <option><name> trackReflection </name>    <value> false </value> </option>
    <option><name> arraySites </name>         <value> false </value> </option>
    <option><name> Use TestAcquires </name>   <value> false </value> </option>
    <option><name> sanity </name>             <value> false </value> </option>
    <option><name> reentrantEvents </name>    <value> false </value> </option>
    <option><name> nojoin </name>             <value> false </value> </option>
    <option><name> multiLoader </name>        <value> false </value> </option>
    <option><name> indices </name>            <value> 2147483647 </value> </option>
    <option><name> updaters </name>           <value> SAFE </value> </option>
    <option><name> array </name>              <value> FINE </value> </option>
    <option><name> userArray </name>          <value> rr.state.ArrayStateCreator$1@4d7e1886 </value> </option>
    <option><name> nobarrier </name>          <value> false </value> </option>
    <option><name> arrayCacheType </name>     <value> STRONG </value> </option>
    <option><name> callSites </name>          <value> false </value> </option>
    <option><name> maxWarn </name>            <value> 100 </value> </option>
    <option><name> noInterrupt </name>        <value> false </value> </option>
  </options>
  <system>
    <host> omars-mbp.mobile.usilu.net </host> 
    <name> java.vm.version </name>     <value> 25.152-b16 </value> 
    <name> java.vm.vendor </name>      <value> Oracle Corporation </value> 
    <name> java.vm.name </name>        <value> Java HotSpot(TM) 64-Bit Server VM </value> 
    <name> java.class.path </name>     <value> :/Users/omarjaved/Downloads/aspectj-gpce/output/build/ch/usi/dag/test/:.:/usr/local/lib/antlr-4.7-complete.jar:/Users/omarjaved/aspectj1.8/lib/aspectjrt.jar:/Users/omarjaved/aspectj1.8/lib/aspectjweaver.jar:/Users/omarjaved/aspectj1.8/lib/aspectjtools.jar:/Users/omarjaved/aspectj1.8/lib/org.aspectj.matcher.jar:/Applications/RV-Monitor/lib/rv-monitor.jar:/Applications/RV-Monitor/lib/rv-monitor-rt.jar:.:/Users/omarjaved/RoadRunner/classes/rr/simple:/Users/omarjaved/RoadRunner/classes/tools:/Users/omarjaved/RoadRunner/build/jar/rragent.jar </value> 
    <name> os.name </name>             <value> Mac OS X </value> 
    <name> os.arch </name>             <value> x86_64 </value> 
    <name> os.version </name>          <value> 10.12.6 </value> 
    <name> user.name </name>           <value> omarjaved </value> 
    <name> user.dir </name>            <value> /Users/omarjaved/MavenTest </value> 
    <availableProcs> 8 </availableProcs> 
    <memCommitted> 246 </memCommitted> 
    <memUsed> 15 </memUsed> 
    <memTotal> 246 </memTotal> 
    <compileTime> 750 </compileTime> 
    <gc> <name> PS Scavenge </name> <time> 8 </time> </gc>
    <gc> <name> PS MarkSweep </name> <time> 0 </time> </gc>
  </system>
  <instrumented> junit/framework/AssertionFailedError junit/framework/Test junit/framework/TestListener junit/framework/TestResult junit/runner/BaseTestRunner junit/textui/ResultPrinter junit/textui/TestRunner  </instrumented> 
  <instrumentedNum> 7 </instrumentedNum> 
  <skipped>  </skipped> 
  <skippedNum> 0 </skippedNum> 
  <sanityChecked>  </sanityChecked> 
  <sanityCheckedNum> 0 </sanityCheckedNum> 
  <counters>

    <counter><name> "ArrayStateFactory: Size" </name>                    <value> 1 </value> </counter>
    <counter><name> "ArrayStateFactory: Attic Move Time" </name>         <value> <total>0.00000</total> <count>0</count>  </value> </counter>
    <counter><name> "ArrayStateFactory: Attic Hits" </name>              <value> 0 </value> </counter>

    <counter><name> "Clone: Count" </name>                               <value> 0 </value> </counter>

    <counter><name> "FT: Read Same Epoch" </name>                        <value>          9 </value> </counter>
    <counter><name> "FT: ReadShared Same Epoch" </name>                  <value>          0 </value> </counter>
    <counter><name> "FT: Read Exclusive" </name>                         <value>          1 </value> </counter>
    <counter><name> "FT: Read Share" </name>                             <value>          0 </value> </counter>
    <counter><name> "FT: Read Shared" </name>                            <value>          0 </value> </counter>
    <counter><name> "FT: Write-Read Error" </name>                       <value>          0 </value> </counter>
    <counter><name> "FT: Write Same Epoch" </name>                       <value>          7 </value> </counter>
    <counter><name> "FT: Write Exclusive" </name>                        <value>          1 </value> </counter>
    <counter><name> "FT: Write Shared" </name>                           <value>          0 </value> </counter>
    <counter><name> "FT: Write-Write Error" </name>                      <value>          0 </value> </counter>
    <counter><name> "FT: Read-Write Error" </name>                       <value>          0 </value> </counter>
    <counter><name> "FT: Shared-Write Error" </name>                     <value>          0 </value> </counter>
    <counter><name> "FT: Acquire" </name>                                <value>          0 </value> </counter>
    <counter><name> "FT: Release" </name>                                <value>          0 </value> </counter>
    <counter><name> "FT: Fork" </name>                                   <value>          0 </value> </counter>
    <counter><name> "FT: Join" </name>                                   <value>          0 </value> </counter>
    <counter><name> "FT: Barrier" </name>                                <value>          0 </value> </counter>
    <counter><name> "FT: Wait" </name>                                   <value>          0 </value> </counter>
    <counter><name> "FT: Volatile" </name>                               <value>          0 </value> </counter>
    <counter><name> "FT: Other" </name>                                  <value>          2 </value> </counter>
    <counter><name> "FT: Total Reads" </name>                            <value> 10 </value> </counter>
    <counter><name> "FT: Total Writes" </name>                           <value> 8 </value> </counter>
    <counter><name> "FT: Total Access Ops" </name>                       <value> 18 </value> </counter>
    <counter><name> "FT: Total Ops" </name>                              <value> 20 </value> </counter>

    <counter><name> "GCRunner: Max Usage" </name>                        <value> 0 </value> </counter>

    <counter><name> "Handler: Count" </name>                             <value> 0 </value> </counter>

    <counter><name> "ShadowLock: objects" </name>                        <value> 0 </value> </counter>

    <counter><name> "ShadowThread: Count" </name>                        <value> 1 </value> </counter>
    <counter><name> "ShadowThread: Max Live" </name>                     <value> 1 </value> </counter>
    <counter><name> "ShadowThread: getCurrentThread() calls" </name>     <value> 29 </value> </counter>

    <counter><name> "ShadowVolatile: objects" </name>                    <value> 0 </value> </counter>

    <counter><name> "Time: Instrumenter" </name>                         <value> <total>94.0000</total> <count>7</count> <ave>13.4286</ave> </value> </counter>
  </counters>
  <yikes>
  </yikes>
  <tool>
    <name> tools.fasttrack.FastTrackTool </name> 
    <thread> [tid=0    C=[(0:3) (1:0) (2:0) (3:0)]   E=(0:3)] </thread> 
  </tool>
  <tool>
    <name> Last </name> 
  </tool>
  <threadCount> 1 </threadCount> 
  <threadMaxActive> 1 </threadMaxActive> 
  <errorTotal> 0 </errorTotal> 
  <distinctErrorTotal> 0 </distinctErrorTotal> 
  <methods>
  </methods>
  <fields>
  </fields>
  <arrays>
  </arrays>
  <locks>
  </locks>
  <fieldAccesses>
  </fieldAccesses>
  <errorCountPerErrorType>
  </errorCountPerErrorType>
  <warningsTotal> 0 </warningsTotal> 
  <yikesTotal> 0 </yikesTotal> 
  <failed> false </failed> 
  <failedReason>  </failedReason> 
  <time> 350 </time> 
</entry>
[RR Shutdown: Time = 350]

